This is pdfTeX, Version 3.14159265-2.6-1.40.16 (MiKTeX 2.9 64-bit) (preloaded format=pdflatex 2015.8.20)  3 NOV 2015 15:24
entering extended mode
**Thesis.tex
(Thesis.tex
LaTeX2e <2015/01/01> patch level 2
Babel <3.9m> and hyphenation patterns for 69 languages loaded.
(Thesis.cls
Document Class: Thesis 2007/22/02 v1.0 LaTeX document class
("C:\Program Files\MiKTeX 2.9\tex\latex\base\book.cls"
Document Class: book 2014/09/29 v1.4h Standard LaTeX document class
("C:\Program Files\MiKTeX 2.9\tex\latex\base\bk11.clo"
File: bk11.clo 2014/09/29 v1.4h Standard LaTeX file (size option)
)
\c@part=\count79
\c@chapter=\count80
\c@section=\count81
\c@subsection=\count82
\c@subsubsection=\count83
\c@paragraph=\count84
\c@subparagraph=\count85
\c@figure=\count86
\c@table=\count87
\abovecaptionskip=\skip41
\belowcaptionskip=\skip42
\bibindent=\dimen102
)
("C:\Program Files\MiKTeX 2.9\tex\latex\setspace\setspace.sty"
Package: setspace 2011/12/19 v6.7a set line spacing
)
("C:\Program Files\MiKTeX 2.9\tex\latex\ieeepes\vmargin.sty"
Package: vmargin 1999/06/01

Package `vmargin', V2.2, <1999/06/01>
\PaperWidth=\dimen103
\PaperHeight=\dimen104
) ("C:\Program Files\MiKTeX 2.9\tex\latex\fancyhdr\fancyhdr.sty"
\fancy@headwidth=\skip43
\f@ncyO@elh=\skip44
\f@ncyO@erh=\skip45
\f@ncyO@olh=\skip46
\f@ncyO@orh=\skip47
\f@ncyO@elf=\skip48
\f@ncyO@erf=\skip49
\f@ncyO@olf=\skip50
\f@ncyO@orf=\skip51
)
("C:\Program Files\MiKTeX 2.9\tex\latex\amsmath\amsmath.sty"
Package: amsmath 2013/01/14 v2.14 AMS math features
\@mathmargin=\skip52

For additional information on amsmath, use the `?' option.
("C:\Program Files\MiKTeX 2.9\tex\latex\amsmath\amstext.sty"
Package: amstext 2000/06/29 v2.01

("C:\Program Files\MiKTeX 2.9\tex\latex\amsmath\amsgen.sty"
File: amsgen.sty 1999/11/30 v2.0
\@emptytoks=\toks14
\ex@=\dimen105
))
("C:\Program Files\MiKTeX 2.9\tex\latex\amsmath\amsbsy.sty"
Package: amsbsy 1999/11/29 v1.2d
\pmbraise@=\dimen106
)
("C:\Program Files\MiKTeX 2.9\tex\latex\amsmath\amsopn.sty"
Package: amsopn 1999/12/14 v2.01 operator names
)
\inf@bad=\count88
LaTeX Info: Redefining \frac on input line 210.
\uproot@=\count89
\leftroot@=\count90
LaTeX Info: Redefining \overline on input line 306.
\classnum@=\count91
\DOTSCASE@=\count92
LaTeX Info: Redefining \ldots on input line 378.
LaTeX Info: Redefining \dots on input line 381.
LaTeX Info: Redefining \cdots on input line 466.
\Mathstrutbox@=\box26
\strutbox@=\box27
\big@size=\dimen107
LaTeX Font Info:    Redeclaring font encoding OML on input line 566.
LaTeX Font Info:    Redeclaring font encoding OMS on input line 567.
\macc@depth=\count93
\c@MaxMatrixCols=\count94
\dotsspace@=\muskip10
\c@parentequation=\count95
\dspbrk@lvl=\count96
\tag@help=\toks15
\row@=\count97
\column@=\count98
\maxfields@=\count99
\andhelp@=\toks16
\eqnshift@=\dimen108
\alignsep@=\dimen109
\tagshift@=\dimen110
\tagwidth@=\dimen111
\totwidth@=\dimen112
\lineht@=\dimen113
\@envbody=\toks17
\multlinegap=\skip53
\multlinetaggap=\skip54
\mathdisplay@stack=\toks18
LaTeX Info: Redefining \[ on input line 2665.
LaTeX Info: Redefining \] on input line 2666.
)
("C:\Program Files\MiKTeX 2.9\tex\latex\amsfonts\amsfonts.sty"
Package: amsfonts 2013/01/14 v3.01 Basic AMSFonts support
\symAMSa=\mathgroup4
\symAMSb=\mathgroup5
LaTeX Font Info:    Overwriting math alphabet `\mathfrak' in version `bold'
(Font)                  U/euf/m/n --> U/euf/b/n on input line 106.
)
("C:\Program Files\MiKTeX 2.9\tex\latex\amsfonts\amssymb.sty"
Package: amssymb 2013/01/14 v3.01 AMS font symbols
)
("C:\Program Files\MiKTeX 2.9\tex\latex\amsmath\amscd.sty"
Package: amscd 1999/11/29 v2.0
\athelp@=\toks19
\minaw@=\dimen114
\bigaw@=\dimen115
\minCDarrowwidth=\dimen116
)
("C:\Program Files\MiKTeX 2.9\tex\latex\amscls\amsthm.sty"
Package: amsthm 2015/03/04 v2.20.2
\thm@style=\toks20
\thm@bodyfont=\toks21
\thm@headfont=\toks22
\thm@notefont=\toks23
\thm@headpunct=\toks24
\thm@preskip=\skip55
\thm@postskip=\skip56
\thm@headsep=\skip57
\dth@everypar=\toks25
)
("C:\Program Files\MiKTeX 2.9\tex\latex\tools\xspace.sty"
Package: xspace 2014/10/28 v1.13 Space after command names (DPC,MH)
)
\c@example=\count100
\c@theorem=\count101

("C:\Program Files\MiKTeX 2.9\tex\latex\caption\caption.sty"
Package: caption 2013/05/02 v3.3-89 Customizing captions (AR)

("C:\Program Files\MiKTeX 2.9\tex\latex\caption\caption3.sty"
Package: caption3 2013/05/02 v1.6-88 caption3 kernel (AR)
Package caption3 Info: TeX engine: e-TeX on input line 57.

("C:\Program Files\MiKTeX 2.9\tex\latex\graphics\keyval.sty"
Package: keyval 2014/10/28 v1.15 key=value parser (DPC)
\KV@toks@=\toks26
)
\captionmargin=\dimen117
\captionmargin@=\dimen118
\captionwidth=\dimen119
\caption@tempdima=\dimen120
\caption@indent=\dimen121
\caption@parindent=\dimen122
\caption@hangindent=\dimen123
)
\c@ContinuedFloat=\count102
)
("C:\Program Files\MiKTeX 2.9\tex\latex\graphics\graphicx.sty"
Package: graphicx 2014/10/28 v1.0g Enhanced LaTeX Graphics (DPC,SPQR)

("C:\Program Files\MiKTeX 2.9\tex\latex\graphics\graphics.sty"
Package: graphics 2014/10/28 v1.0p Standard LaTeX Graphics (DPC,SPQR)

("C:\Program Files\MiKTeX 2.9\tex\latex\graphics\trig.sty"
Package: trig 1999/03/16 v1.09 sin cos tan (DPC)
)
("C:\Program Files\MiKTeX 2.9\tex\latex\00miktex\graphics.cfg"
File: graphics.cfg 2007/01/18 v1.5 graphics configuration of teTeX/TeXLive
)
Package graphics Info: Driver file: pdftex.def on input line 94.

("C:\Program Files\MiKTeX 2.9\tex\latex\pdftex-def\pdftex.def"
File: pdftex.def 2011/05/27 v0.06d Graphics/color for pdfTeX

("C:\Program Files\MiKTeX 2.9\tex\generic\oberdiek\infwarerr.sty"
Package: infwarerr 2010/04/08 v1.3 Providing info/warning/error messages (HO)
)
("C:\Program Files\MiKTeX 2.9\tex\generic\oberdiek\ltxcmds.sty"
Package: ltxcmds 2011/11/09 v1.22 LaTeX kernel commands for general use (HO)
)
\Gread@gobject=\count103
))
\Gin@req@height=\dimen124
\Gin@req@width=\dimen125
)
("C:\Program Files\MiKTeX 2.9\tex\latex\oberdiek\epstopdf.sty"
Package: epstopdf 2010/02/09 v2.5 Conversion with epstopdf on the fly (HO)

("C:\Program Files\MiKTeX 2.9\tex\latex\oberdiek\epstopdf-base.sty"
Package: epstopdf-base 2010/02/09 v2.5 Base part for package epstopdf

("C:\Program Files\MiKTeX 2.9\tex\latex\oberdiek\grfext.sty"
Package: grfext 2010/08/19 v1.1 Manage graphics extensions (HO)

("C:\Program Files\MiKTeX 2.9\tex\generic\oberdiek\kvdefinekeys.sty"
Package: kvdefinekeys 2011/04/07 v1.3 Define keys (HO)
))
("C:\Program Files\MiKTeX 2.9\tex\latex\oberdiek\kvoptions.sty"
Package: kvoptions 2011/06/30 v3.11 Key value format for package options (HO)

("C:\Program Files\MiKTeX 2.9\tex\generic\oberdiek\kvsetkeys.sty"
Package: kvsetkeys 2012/04/25 v1.16 Key value parser (HO)

("C:\Program Files\MiKTeX 2.9\tex\generic\oberdiek\etexcmds.sty"
Package: etexcmds 2011/02/16 v1.5 Avoid name clashes with e-TeX commands (HO)

("C:\Program Files\MiKTeX 2.9\tex\generic\oberdiek\ifluatex.sty"
Package: ifluatex 2010/03/01 v1.3 Provides the ifluatex switch (HO)
Package ifluatex Info: LuaTeX not detected.
)
Package etexcmds Info: Could not find \expanded.
(etexcmds)             That can mean that you are not using pdfTeX 1.50 or
(etexcmds)             that some package has redefined \expanded.
(etexcmds)             In the latter case, load this package earlier.
)))
("C:\Program Files\MiKTeX 2.9\tex\generic\oberdiek\pdftexcmds.sty"
Package: pdftexcmds 2011/11/29 v0.20 Utility functions of pdfTeX for LuaTeX (HO
)

("C:\Program Files\MiKTeX 2.9\tex\generic\oberdiek\ifpdf.sty"
Package: ifpdf 2011/01/30 v2.3 Provides the ifpdf switch (HO)
Package ifpdf Info: pdfTeX in PDF mode is detected.
)
Package pdftexcmds Info: LuaTeX not detected.
Package pdftexcmds Info: \pdf@primitive is available.
Package pdftexcmds Info: \pdf@ifprimitive is available.
Package pdftexcmds Info: \pdfdraftmode found.
)
Package grfext Info: Graphics extension search list:
(grfext)             [.png,.pdf,.jpg,.mps,.jpeg,.jbig2,.jb2,.PNG,.PDF,.JPG,.JPE
G,.JBIG2,.JB2,.eps]
(grfext)             \AppendGraphicsExtensions on input line 452.
))
("C:\Program Files\MiKTeX 2.9\tex\latex\subfigure\subfigure.sty"
Package: subfigure 2002/07/30 v2.1.4 subfigure package
\subfigtopskip=\skip58
\subfigcapskip=\skip59
\subfigcaptopadj=\dimen126
\subfigbottomskip=\skip60
\subfigcapmargin=\dimen127
\subfiglabelskip=\skip61
\c@subfigure=\count104
\c@lofdepth=\count105
\c@subtable=\count106
\c@lotdepth=\count107

****************************************
* Local config file subfigure.cfg used *
****************************************
("C:\Program Files\MiKTeX 2.9\tex\latex\subfigure\subfigure.cfg")
\subfig@top=\skip62
\subfig@bottom=\skip63
)
("C:\Program Files\MiKTeX 2.9\tex\latex\booktabs\booktabs.sty"
Package: booktabs 2005/04/14 v1.61803 publication quality tables
\heavyrulewidth=\dimen128
\lightrulewidth=\dimen129
\cmidrulewidth=\dimen130
\belowrulesep=\dimen131
\belowbottomsep=\dimen132
\aboverulesep=\dimen133
\abovetopsep=\dimen134
\cmidrulesep=\dimen135
\cmidrulekern=\dimen136
\defaultaddspace=\dimen137
\@cmidla=\count108
\@cmidlb=\count109
\@aboverulesep=\dimen138
\@belowrulesep=\dimen139
\@thisruleclass=\count110
\@lastruleclass=\count111
\@thisrulewidth=\dimen140
)
("C:\Program Files\MiKTeX 2.9\tex\latex\rotating\rotating.sty"
Package: rotating 2009/03/28 v2.16a rotated objects in LaTeX

("C:\Program Files\MiKTeX 2.9\tex\latex\base\ifthen.sty"
Package: ifthen 2014/09/29 v1.1c Standard LaTeX ifthen package (DPC)
)
\c@r@tfl@t=\count112
\rotFPtop=\skip64
\rotFPbot=\skip65
\rot@float@box=\box28
\rot@mess@toks=\toks27
)
("C:\Program Files\MiKTeX 2.9\tex\latex\listings\listings.sty"
\lst@mode=\count113
\lst@gtempboxa=\box29
\lst@token=\toks28
\lst@length=\count114
\lst@currlwidth=\dimen141
\lst@column=\count115
\lst@pos=\count116
\lst@lostspace=\dimen142
\lst@width=\dimen143
\lst@newlines=\count117
\lst@lineno=\count118
\lst@maxwidth=\dimen144
 (lstpatch.sty

***
*** This is a patch for listings 1.3, but you're using
*** version 1.6.
***
*** Patch file not loaded.
***

) ("C:\Program Files\MiKTeX 2.9\tex\latex\listings\lstmisc.sty"
File: lstmisc.sty 2015/06/04 1.6 (Carsten Heinz)
\c@lstnumber=\count119
\lst@skipnumbers=\count120
\lst@framebox=\box30
)
("C:\Program Files\MiKTeX 2.9\tex\latex\listings\listings.cfg"
File: listings.cfg 2015/06/04 1.6 listings configuration
))
Package: listings 2015/06/04 1.6 (Carsten Heinz)
 (lstpatch.sty

***
*** This is a patch for listings 1.3, but you're using
*** version 1.6.
***
 *** Patch file not loaded.
***

) ("C:\Program Files\MiKTeX 2.9\tex\latex\hyperref\hyperref.sty"
Package: hyperref 2012/11/06 v6.83m Hypertext links for LaTeX

("C:\Program Files\MiKTeX 2.9\tex\generic\oberdiek\hobsub-hyperref.sty"
Package: hobsub-hyperref 2012/04/25 v1.12 Bundle oberdiek, subset hyperref (HO)


("C:\Program Files\MiKTeX 2.9\tex\generic\oberdiek\hobsub-generic.sty"
Package: hobsub-generic 2012/04/25 v1.12 Bundle oberdiek, subset generic (HO)
Package: hobsub 2012/04/25 v1.12 Construct package bundles (HO)
Package hobsub Info: Skipping package `infwarerr' (already loaded).
Package hobsub Info: Skipping package `ltxcmds' (already loaded).
Package hobsub Info: Skipping package `ifluatex' (already loaded).
Package: ifvtex 2010/03/01 v1.5 Detect VTeX and its facilities (HO)
Package ifvtex Info: VTeX not detected.
Package: intcalc 2007/09/27 v1.1 Expandable calculations with integers (HO)
Package hobsub Info: Skipping package `ifpdf' (already loaded).
Package hobsub Info: Skipping package `etexcmds' (already loaded).
Package hobsub Info: Skipping package `kvsetkeys' (already loaded).
Package hobsub Info: Skipping package `kvdefinekeys' (already loaded).
Package hobsub Info: Skipping package `pdftexcmds' (already loaded).
Package: pdfescape 2011/11/25 v1.13 Implements pdfTeX's escape features (HO)
Package: bigintcalc 2012/04/08 v1.3 Expandable calculations on big integers (HO
)
Package: bitset 2011/01/30 v1.1 Handle bit-vector datatype (HO)
Package: uniquecounter 2011/01/30 v1.2 Provide unlimited unique counter (HO)
)
Package hobsub Info: Skipping package `hobsub' (already loaded).
Package: letltxmacro 2010/09/02 v1.4 Let assignment for LaTeX macros (HO)
Package: hopatch 2011/06/24 v1.1 Wrapper for package hooks (HO)
Package: xcolor-patch 2011/01/30 xcolor patch
Package: atveryend 2011/06/30 v1.8 Hooks at the very end of document (HO)
Package atveryend Info: \enddocument detected (standard20110627).
Package: atbegshi 2011/10/05 v1.16 At begin shipout hook (HO)
Package: refcount 2011/10/16 v3.4 Data extraction from label references (HO)
Package: hycolor 2011/01/30 v1.7 Color options for hyperref/bookmark (HO)
)
("C:\Program Files\MiKTeX 2.9\tex\generic\ifxetex\ifxetex.sty"
Package: ifxetex 2010/09/12 v0.6 Provides ifxetex conditional
)
("C:\Program Files\MiKTeX 2.9\tex\latex\oberdiek\auxhook.sty"
Package: auxhook 2011/03/04 v1.3 Hooks for auxiliary files (HO)
)
\@linkdim=\dimen145
\Hy@linkcounter=\count121
\Hy@pagecounter=\count122

("C:\Program Files\MiKTeX 2.9\tex\latex\hyperref\pd1enc.def"
File: pd1enc.def 2012/11/06 v6.83m Hyperref: PDFDocEncoding definition (HO)
)
\Hy@SavedSpaceFactor=\count123

("C:\Program Files\MiKTeX 2.9\tex\latex\00miktex\hyperref.cfg"
File: hyperref.cfg 2002/06/06 v1.2 hyperref configuration of TeXLive
)
Package hyperref Info: Option `bookmarks' set `true' on input line 4319.
Package hyperref Info: Option `bookmarksopen' set `true' on input line 4319.
Package hyperref Info: Option `bookmarksnumbered' set `true' on input line 4319
.
Package hyperref Info: Option `hypertexnames' set `false' on input line 4319.
Package hyperref Info: Option `colorlinks' set `true' on input line 4319.
Package hyperref Info: Option `unicode' set `true' on input line 4319.

("C:\Program Files\MiKTeX 2.9\tex\latex\hyperref\puenc.def"
File: puenc.def 2012/11/06 v6.83m Hyperref: PDF Unicode definition (HO)
)
Package hyperref Info: Option `breaklinks' set `true' on input line 4319.
Package hyperref Info: Hyper figures OFF on input line 4443.
Package hyperref Info: Link nesting OFF on input line 4448.
Package hyperref Info: Hyper index ON on input line 4451.
Package hyperref Info: Plain pages OFF on input line 4458.
Package hyperref Info: Backreferencing OFF on input line 4463.
Package hyperref Info: Implicit mode ON; LaTeX internals redefined.
Package hyperref Info: Bookmarks ON on input line 4688.
\c@Hy@tempcnt=\count124

("C:\Program Files\MiKTeX 2.9\tex\latex\url\url.sty"
\Urlmuskip=\muskip11
Package: url 2013/09/16  ver 3.4  Verb mode for urls, etc.
)
LaTeX Info: Redefining \url on input line 5041.
\XeTeXLinkMargin=\dimen146
\Fld@menulength=\count125
\Field@Width=\dimen147
\Fld@charsize=\dimen148
Package hyperref Info: Hyper figures OFF on input line 6295.
Package hyperref Info: Link nesting OFF on input line 6300.
Package hyperref Info: Hyper index ON on input line 6303.
Package hyperref Info: backreferencing OFF on input line 6310.
Package hyperref Info: Link coloring ON on input line 6313.
Package hyperref Info: Link coloring with OCG OFF on input line 6320.
Package hyperref Info: PDF/A mode OFF on input line 6325.
LaTeX Info: Redefining \ref on input line 6365.
LaTeX Info: Redefining \pageref on input line 6369.
\Hy@abspage=\count126
\c@Item=\count127
\c@Hfootnote=\count128
)

Package hyperref Message: Driver (autodetected): hpdftex.

("C:\Program Files\MiKTeX 2.9\tex\latex\hyperref\hpdftex.def"
File: hpdftex.def 2012/11/06 v6.83m Hyperref driver for pdfTeX
\Fld@listcount=\count129
\c@bookmark@seq@number=\count130

("C:\Program Files\MiKTeX 2.9\tex\latex\oberdiek\rerunfilecheck.sty"
Package: rerunfilecheck 2011/04/15 v1.7 Rerun checks for auxiliary files (HO)
Package uniquecounter Info: New unique counter `rerunfilecheck' on input line 2
82.
)
\Hy@SectionHShift=\skip66
)
\c@dummy=\count131

("C:\Program Files\MiKTeX 2.9\tex\latex\tools\longtable.sty"
Package: longtable 2014/10/28 v4.11 Multi-page Table package (DPC)
\LTleft=\skip67
\LTright=\skip68
\LTpre=\skip69
\LTpost=\skip70
\LTchunksize=\count132
\LTcapwidth=\dimen149
\LT@head=\box31
\LT@firsthead=\box32
\LT@foot=\box33
\LT@lastfoot=\box34
\LT@cols=\count133
\LT@rows=\count134
\c@LT@tables=\count135
\c@LT@chunks=\count136
\LT@p@ftn=\toks29
))
("C:\Program Files\MiKTeX 2.9\tex\latex\natbib\natbib.sty"
Package: natbib 2010/09/13 8.31b (PWD, AO)
\bibhang=\skip71
\bibsep=\skip72
LaTeX Info: Redefining \cite on input line 694.
\c@NAT@ctr=\count137
)
("C:\Program Files\MiKTeX 2.9\tex\latex\tools\hhline.sty"
Package: hhline 2014/10/28 v2.03 Table rule package (DPC)
)
("C:\Program Files\MiKTeX 2.9\tex\latex\adjustbox\adjustbox.sty"
Package: adjustbox 2012/05/21 v1.0 Adjusting TeX boxes (trim, clip, ...)

("C:\Program Files\MiKTeX 2.9\tex\latex\xkeyval\xkeyval.sty"
Package: xkeyval 2014/12/03 v2.7a package option processing (HA)

("C:\Program Files\MiKTeX 2.9\tex\generic\xkeyval\xkeyval.tex"
("C:\Program Files\MiKTeX 2.9\tex\generic\xkeyval\xkvutils.tex"
\XKV@toks=\toks30
\XKV@tempa@toks=\toks31
)
\XKV@depth=\count138
File: xkeyval.tex 2014/12/03 v2.7a key=value parser (HA)
))
("C:\Program Files\MiKTeX 2.9\tex\latex\adjustbox\adjcalc.sty"
Package: adjcalc 2012/05/16 v1.1 Provides advanced setlength with multiple back
-ends (calc, etex, pgfmath)
)
("C:\Program Files\MiKTeX 2.9\tex\latex\adjustbox\trimclip.sty"
Package: trimclip 2012/05/16 v1.0 Trim and clip general TeX material

("C:\Program Files\MiKTeX 2.9\tex\latex\collectbox\collectbox.sty"
Package: collectbox 2012/05/17 v0.4b Collect macro arguments as boxes
\collectedbox=\box35
)
\tc@llx=\dimen150
\tc@lly=\dimen151
\tc@urx=\dimen152
\tc@ury=\dimen153
Package trimclip Info: Using driver 'tc-pdftex.def'.

("C:\Program Files\MiKTeX 2.9\tex\latex\adjustbox\tc-pdftex.def"
File: tc-pdftex.def 2012/05/13 v1.0 Clipping driver for pdftex
))
\adjbox@Width=\dimen154
\adjbox@Height=\dimen155
\adjbox@Depth=\dimen156
\adjbox@Totalheight=\dimen157

("C:\Program Files\MiKTeX 2.9\tex\latex\ifoddpage\ifoddpage.sty"
Package: ifoddpage 2011/09/13 v1.0 Conditionals for odd/even page detection
\c@checkoddpage=\count139
)
("C:\Program Files\MiKTeX 2.9\tex\latex\ltxmisc\varwidth.sty"
Package: varwidth 2009/03/30 ver 0.92;  Variable-width minipages
\@vwid@box=\box36
\sift@deathcycles=\count140
\@vwid@loff=\dimen158
\@vwid@roff=\dimen159
))
("C:\Program Files\MiKTeX 2.9\tex\latex\xcolor\xcolor.sty"
Package: xcolor 2007/01/21 v2.11 LaTeX color extensions (UK)

("C:\Program Files\MiKTeX 2.9\tex\latex\00miktex\color.cfg"
File: color.cfg 2007/01/18 v1.5 color configuration of teTeX/TeXLive
)
Package xcolor Info: Package option `usenames' ignored on input line 216.
Package xcolor Info: Driver file: pdftex.def on input line 225.

("C:\Program Files\MiKTeX 2.9\tex\latex\colortbl\colortbl.sty"
Package: colortbl 2012/02/13 v1.0a Color table columns (DPC)

("C:\Program Files\MiKTeX 2.9\tex\latex\tools\array.sty"
Package: array 2014/10/28 v2.4c Tabular extension package (FMi)
\col@sep=\dimen160
\extrarowheight=\dimen161
\NC@list=\toks32
\extratabsurround=\skip73
\backup@length=\skip74
)
\everycr=\toks33
\minrowclearance=\skip75
)
\rownum=\count141
Package xcolor Info: Model `cmy' substituted by `cmy0' on input line 1337.
Package xcolor Info: Model `hsb' substituted by `rgb' on input line 1341.
Package xcolor Info: Model `RGB' extended on input line 1353.
Package xcolor Info: Model `HTML' substituted by `rgb' on input line 1355.
Package xcolor Info: Model `Hsb' substituted by `hsb' on input line 1356.
Package xcolor Info: Model `tHsb' substituted by `hsb' on input line 1357.
Package xcolor Info: Model `HSB' substituted by `hsb' on input line 1358.
Package xcolor Info: Model `Gray' substituted by `gray' on input line 1359.
Package xcolor Info: Model `wave' substituted by `hsb' on input line 1360.

("C:\Program Files\MiKTeX 2.9\tex\latex\graphics\dvipsnam.def"
File: dvipsnam.def 2014/10/14 v3.0j Driver-dependent file (DPC,SPQR)
))
("C:\Program Files\MiKTeX 2.9\tex\latex\ms\ragged2e.sty"
Package: ragged2e 2009/05/21 v2.1 ragged2e Package (MS)

("C:\Program Files\MiKTeX 2.9\tex\latex\ms\everysel.sty"
Package: everysel 2011/10/28 v1.2 EverySelectfont Package (MS)
)
\CenteringLeftskip=\skip76
\RaggedLeftLeftskip=\skip77
\RaggedRightLeftskip=\skip78
\CenteringRightskip=\skip79
\RaggedLeftRightskip=\skip80
\RaggedRightRightskip=\skip81
\CenteringParfillskip=\skip82
\RaggedLeftParfillskip=\skip83
\RaggedRightParfillskip=\skip84
\JustifyingParfillskip=\skip85
\CenteringParindent=\skip86
\RaggedLeftParindent=\skip87
\RaggedRightParindent=\skip88
\JustifyingParindent=\skip89
)
("C:\Program Files\MiKTeX 2.9\tex\latex\tools\verbatim.sty"
Package: verbatim 2014/10/28 v1.5q LaTeX2e package for verbatim enhancements
\every@verbatim=\toks34
\verbatim@line=\toks35
\verbatim@in@stream=\read1
) (vector.sty
Package: vector 1994/09/16 v1.0 vector macros for LaTeX2e (nde)

("C:\Program Files\MiKTeX 2.9\tex\latex\tools\calc.sty"
Package: calc 2014/10/28 v4.3 Infix arithmetic (KKT,FJ)
\calc@Acount=\count142
\calc@Bcount=\count143
\calc@Adimen=\dimen162
\calc@Bdimen=\dimen163
\calc@Askip=\skip90
\calc@Bskip=\skip91
LaTeX Info: Redefining \setlength on input line 80.
LaTeX Info: Redefining \addtolength on input line 81.
\calc@Ccount=\count144
\calc@Cskip=\skip92
)
\c@vec@elem=\count145
)
Package hyperref Info: Option `colorlinks' set `true' on input line 39.

("C:\Program Files\MiKTeX 2.9\tex\latex\listings\lstlang1.sty"
File: lstlang1.sty 2015/06/04 1.6 listings language file
)
("C:\Program Files\MiKTeX 2.9\tex\latex\listings\lstlang1.sty"
File: lstlang1.sty 2015/06/04 1.6 listings language file
)
("C:\Program Files\MiKTeX 2.9\tex\latex\listings\lstmisc.sty"
File: lstmisc.sty 2015/06/04 1.6 (Carsten Heinz)
) (Thesis.aux)
LaTeX Font Info:    Checking defaults for OML/cmm/m/it on input line 69.
LaTeX Font Info:    ... okay on input line 69.
LaTeX Font Info:    Checking defaults for T1/cmr/m/n on input line 69.
LaTeX Font Info:    ... okay on input line 69.
LaTeX Font Info:    Checking defaults for OT1/cmr/m/n on input line 69.
LaTeX Font Info:    ... okay on input line 69.
LaTeX Font Info:    Checking defaults for OMS/cmsy/m/n on input line 69.
LaTeX Font Info:    ... okay on input line 69.
LaTeX Font Info:    Checking defaults for OMX/cmex/m/n on input line 69.
LaTeX Font Info:    ... okay on input line 69.
LaTeX Font Info:    Checking defaults for U/cmr/m/n on input line 69.
LaTeX Font Info:    ... okay on input line 69.
LaTeX Font Info:    Checking defaults for PD1/pdf/m/n on input line 69.
LaTeX Font Info:    ... okay on input line 69.
LaTeX Font Info:    Checking defaults for PU/pdf/m/n on input line 69.
LaTeX Font Info:    ... okay on input line 69.
Package caption Info: Begin \AtBeginDocument code.
Package caption Info: hyperref package is loaded.
Package caption Info: listings package is loaded.
Package caption Info: longtable package is loaded.

("C:\Program Files\MiKTeX 2.9\tex\latex\caption\ltcaption.sty"
Package: ltcaption 2013/02/03 v1.3-62 longtable captions (AR)
)
Package caption Info: rotating package is loaded.
Package caption Info: subfigure package is loaded.
Package caption Info: End \AtBeginDocument code.

("C:\Program Files\MiKTeX 2.9\tex\context\base\supp-pdf.mkii"
[Loading MPS to PDF converter (version 2006.09.02).]
\scratchcounter=\count146
\scratchdimen=\dimen164
\scratchbox=\box37
\nofMPsegments=\count147
\nofMParguments=\count148
\everyMPshowfont=\toks36
\MPscratchCnt=\count149
\MPscratchDim=\dimen165
\MPnumerator=\count150
\makeMPintoPDFobject=\count151
\everyMPtoPDFconversion=\toks37
)
\c@lstlisting=\count152
\AtBeginShipoutBox=\box38
Package hyperref Info: Link coloring ON on input line 69.
 ("C:\Program Files\MiKTeX 2.9\tex\latex\hyperref\nameref.sty"
Package: nameref 2012/10/27 v2.43 Cross-referencing by name of section

("C:\Program Files\MiKTeX 2.9\tex\generic\oberdiek\gettitlestring.sty"
Package: gettitlestring 2010/12/03 v1.4 Cleanup title references (HO)
)
\c@section@level=\count153
)
LaTeX Info: Redefining \ref on input line 69.
LaTeX Info: Redefining \pageref on input line 69.
LaTeX Info: Redefining \nameref on input line 69.

(Thesis.out) (Thesis.out)
\@outlinefile=\write3
 ABD: EverySelectfont initializing macros
LaTeX Info: Redefining \selectfont on input line 69.
LaTeX Font Info:    Try loading font information for U+msa on input line 87.

("C:\Program Files\MiKTeX 2.9\tex\latex\amsfonts\umsa.fd"
File: umsa.fd 2013/01/14 v3.01 AMS symbols A
)
LaTeX Font Info:    Try loading font information for U+msb on input line 87.

("C:\Program Files\MiKTeX 2.9\tex\latex\amsfonts\umsb.fd"
File: umsb.fd 2013/01/14 v3.01 AMS symbols B
)
<./images/Logo.jpg, id=207, 171.5208pt x 173.9298pt>
File: ./images/Logo.jpg Graphic file (type jpg)
 <use ./images/Logo.jpg>
Package pdftex.def Info: ./images/Logo.jpg used on input line 100.
(pdftex.def)             Requested size: 128.64027pt x 130.44702pt.

------------------------------------------------------------------------------
 Declaration of Authorship
------------------------------------------------------------------------------
[1


{C:/ProgramData/MiKTeX/2.9/pdftex/config/pdftex.map} <./images/Logo.jpg>]
Underfull \hbox (badness 10000) in paragraph at lines 144--144

 []

[2]

pdfTeX warning: pdflatex.exe (file ./Figures/Ethics Form.pdf): PDF inclusion: f
ound PDF version <1.6>, but at most version <1.5> allowed
<./Figures/"Ethics Form".pdf, id=223, 597.50786pt x 845.0468pt>
File: ./Figures/"Ethics Form".pdf Graphic file (type pdf)

<use ./Figures/"Ethics Form".pdf>
Package pdftex.def Info: ./Figures/"Ethics Form".pdf used on input line 149.
(pdftex.def)             Requested size: 523.93073pt x 740.98724pt.


LaTeX Warning: Float too large for page by 56.01416pt on input line 150.


LaTeX Warning: `!h' float specifier changed to `!ht'.

[3 <./Figures/Ethics Form.pdf, page is rotated 270 degrees>] [4


]
------------------------------------------------------------------------------
 Abstract Page
------------------------------------------------------------------------------

Underfull \hbox (badness 10000) in paragraph at lines 177--183

 []

[5

]
------------------------------------------------------------------------------
 Acknowledgements
------------------------------------------------------------------------------
[6

]
------------------------------------------------------------------------------
 Table of Contents
------------------------------------------------------------------------------
(Thesis.toc [7


])
\tf@toc=\write4
 [8]
------------------------------------------------------------------------------
 List of Figures
------------------------------------------------------------------------------
(Thesis.lof)
\tf@lof=\write5
 [9


]
------------------------------------------------------------------------------
 List of Tables
------------------------------------------------------------------------------
(Thesis.lot)
\tf@lot=\write6
 [10


]
------------------------------------------------------------------------------
 Abbreviations
------------------------------------------------------------------------------
[11



] [12] (Chapters/Chapter1.tex
Chapter 1.
------------------------------------------------------------------------------
 1 Introduction
------------------------------------------------------------------------------
[1



]
LaTeX Font Info:    Try loading font information for OMS+cmr on input line 21.
 ("C:\Program Files\MiKTeX 2.9\tex\latex\base\omscmr.fd"
File: omscmr.fd 2014/09/29 v2.5h Standard LaTeX font definitions
)
LaTeX Font Info:    Font shape `OMS/cmr/m/n' in size <10.95> not available
(Font)              Font shape `OMS/cmsy/m/n' tried instead on input line 21.
 [2])
(Chapters/Chapter2.tex [3]
Chapter 2.
------------------------------------------------------------------------------
 2 Literature Review
------------------------------------------------------------------------------
LaTeX Font Info:    Font shape `OMS/cmr/m/n' in size <8> not available
(Font)              Font shape `OMS/cmsy/m/n' tried instead on input line 14.
[4

] <./images/"SFM".jpg, id=458, 828.09375pt x 602.25pt>
File: ./images/"SFM".jpg Graphic file (type jpg)

<use ./images/"SFM".jpg>
Package pdftex.def Info: ./images/"SFM".jpg used on input line 23.
(pdftex.def)             Requested size: 354.85464pt x 258.08025pt.
Missing character: There is no Ã in font cmr10!
Missing character: There is no ¼ in font cmr10!
 [5] [6 <./images/SFM.jpg>]
<./images/"matching".png, id=499, 765.86125pt x 287.0725pt>
File: ./images/"matching".png Graphic file (type png)

<use ./images/"matching".png>
Package pdftex.def Info: ./images/"matching".png used on input line 41.
(pdftex.def)             Requested size: 417.47307pt x 156.48425pt.
 [7 <./images/matching.png>]
<./images/"blackwhitetilttarget_straighton".jpg, id=519, 62.634pt x 93.7101pt>
File: ./images/"blackwhitetilttarget_straighton".jpg Graphic file (type jpg)

<use ./images/"blackwhitetilttarget_straighton".jpg>
Package pdftex.def Info: ./images/"blackwhitetilttarget_straighton".jpg used on
 input line 57.
(pdftex.def)             Requested size: 159.6835pt x 238.94472pt.

Underfull \hbox (badness 1286) in paragraph at lines 58--58
 \OT1/cmr/m/n/10 Laser Scan-ning are in-dexed or 
 []

<./images/"Target".png, id=522, 182.93344pt x 225.84375pt>
File: ./images/"Target".png Graphic file (type png)

<use ./images/"Target".png>
Package pdftex.def Info: ./images/"Target".png used on input line 63.
(pdftex.def)             Requested size: 187.8616pt x 231.93932pt.
 [8 <./images/blackwhitetilttarget_straighton.jpg> <./images/Target.png>] <./im
ages/"object".png, id=534, 642.4pt x 481.8pt>
File: ./images/"object".png Graphic file (type png)

<use ./images/"object".png>
Package pdftex.def Info: ./images/"object".png used on input line 79.
(pdftex.def)             Requested size: 247.81093pt x 185.85747pt.
 [9 <./images/object.png>]
Overfull \hbox (19.97879pt too wide) in paragraph at lines 90--91
\OT1/cmr/m/n/10.95 mea-sure-ments from PCD that has been gen-er-ated by monoc-u
-lar pho-tog-ra-phy and videogram-
 []

[10

]
<./images/"AbsoluteScaleMonocular".jpg, id=558, 482.55281pt x 703.87968pt>
File: ./images/"AbsoluteScaleMonocular".jpg Graphic file (type jpg)

<use ./images/"AbsoluteScaleMonocular".jpg>
Package pdftex.def Info: ./images/"AbsoluteScaleMonocular".jpg used on input li
ne 100.
(pdftex.def)             Requested size: 240.04573pt x 350.14534pt.
 [11 <./images/AbsoluteScaleMonocular.jpg>] [12] <./images/"recognition".jpg, i
d=577, 451.6875pt x 339.2675pt>
File: ./images/"recognition".jpg Graphic file (type jpg)

<use ./images/"recognition".jpg>
Package pdftex.def Info: ./images/"recognition".jpg used on input line 123.
(pdftex.def)             Requested size: 208.73653pt x 156.78452pt.

<./images/"Aug1".png, id=592, 508.90125pt x 381.67593pt>
File: ./images/"Aug1".png Graphic file (type png)

<use ./images/"Aug1".png>
Package pdftex.def Info: ./images/"Aug1".png used on input line 140.
(pdftex.def)             Requested size: 187.8616pt x 140.89757pt.

<./images/"Aug2".png, id=593, 510.40688pt x 381.67593pt>
File: ./images/"Aug2".png Graphic file (type png)

<use ./images/"Aug2".png>
Package pdftex.def Info: ./images/"Aug2".png used on input line 146.
(pdftex.def)             Requested size: 187.8616pt x 140.48407pt.
 [13 <./images/recognition.jpg>] [14 <./images/Aug1.png> <./images/Aug2.png>] [
15]
<./images/"SLAM_ORB_LSD".png, id=654, 713.66624pt x 269.50688pt>
File: ./images/"SLAM_ORB_LSD".png Graphic file (type png)

<use ./images/"SLAM_ORB_LSD".png>
Package pdftex.def Info: ./images/"SLAM_ORB_LSD".png used on input line 170.
(pdftex.def)             Requested size: 480.09148pt x 181.30066pt.
 [16] [17 <./images/SLAM_ORB_LSD.png>]
[18]
Overfull \hbox (12.40028pt too wide) in paragraph at lines 196--197
[]\OT1/cmr/m/n/10.95 The resid-ual thresh-old, $\OML/cmm/m/it/10.95 r[]$\OT1/cm
r/m/n/10.95 , dic-tates the de-gree of under-segmentation or over-segmentation.

 []

[19] <./images/"rabbani_fig_4_Cropped".jpg, id=713, 800.9925pt x 578.16pt>
File: ./images/"rabbani_fig_4_Cropped".jpg Graphic file (type jpg)

<use ./images/"rabbani_fig_4_Cropped".jpg>
Package pdftex.def Info: ./images/"rabbani_fig_4_Cropped".jpg used on input lin
e 200.
(pdftex.def)             Requested size: 417.47307pt x 301.34186pt.

Overfull \hbox (9.2272pt too wide) in paragraph at lines 207--208
[]\OT1/cmr/bx/n/10.95 Relevance: \OT1/cmr/m/n/10.95 Solv-ing the prob-lem of co
n-trol-ling under-segmentation and over-segmentation
 []

[20

 <./images/rabbani_fig_4_Cropped.jpg>] [21]
<./images/"kitchen_model_fitting".jpg, id=738, 1196.97188pt x 323.70938pt>
File: ./images/"kitchen_model_fitting".jpg Graphic file (type jpg)

<use ./images/"kitchen_model_fitting".jpg>
Package pdftex.def Info: ./images/"kitchen_model_fitting".jpg used on input lin
e 226.
(pdftex.def)             Requested size: 511.40704pt x 138.30322pt.
) (Chapters/Chapter3.tex [22

 <./images/kitchen_model_fitting.jpg>]
Chapter 3.
------------------------------------------------------------------------------
 3 Method
------------------------------------------------------------------------------
[23

] <./Figures/"FurnitureSchematic".pdf, id=764, 963.6pt x 398.32814pt>
File: ./Figures/"FurnitureSchematic".pdf Graphic file (type pdf)

<use ./Figures/"FurnitureSchematic".pdf>
Package pdftex.def Info: ./Figures/"FurnitureSchematic".pdf used on input line 
45.
(pdftex.def)             Requested size: 480.09148pt x 141.75461pt.
 [24

 <./Figures/FurnitureSchematic.pdf>] <./images/"EGS".jpg, id=790, 1430.34375pt 
x 756.57657pt>
File: ./images/"EGS".jpg Graphic file (type jpg)

<use ./images/"EGS".jpg>
Package pdftex.def Info: ./images/"EGS".jpg used on input line 61.
(pdftex.def)             Requested size: 684.97308pt x 362.32143pt.


LaTeX Warning: `!h' float specifier changed to `!ht'.

<./images/"DeepSpace".jpg, id=791, 1430.34375pt x 730.22812pt>
File: ./images/"DeepSpace".jpg Graphic file (type jpg)

<use ./images/"DeepSpace".jpg>
Package pdftex.def Info: ./images/"DeepSpace".jpg used on input line 67.
(pdftex.def)             Requested size: 684.97308pt x 349.70326pt.


LaTeX Warning: `!h' float specifier changed to `!ht'.

<./images/"Snape3C".jpg, id=792, 1445.4pt x 677.53125pt>
File: ./images/"Snape3C".jpg Graphic file (type jpg)

<use ./images/"Snape3C".jpg>
Package pdftex.def Info: ./images/"Snape3C".jpg used on input line 73.
(pdftex.def)             Requested size: 684.97308pt x 321.07599pt.


LaTeX Warning: `!h' float specifier changed to `!ht'.

[25 <./images/EGS.jpg>] [26 <./images/DeepSpace.jpg>] [27 <./images/Snape3C.jpg
>] <./Figures/"Program Workflow".jpg, id=807, 481.3182pt x 212.4738pt>
File: ./Figures/"Program Workflow".jpg Graphic file (type jpg)

<use ./Figures/"Program Workflow".jpg>
Package pdftex.def Info: ./Figures/"Program Workflow".jpg used on input line 89
.
(pdftex.def)             Requested size: 480.09148pt x 211.93182pt.
 [28

 <./Figures/Program Workflow.jpg>]
[29

] <./images/"Original2".jpg, id=833, 1321.18594pt x 398.99063pt>
File: ./images/"Original2".jpg Graphic file (type jpg)

<use ./images/"Original2".jpg>
Package pdftex.def Info: ./images/"Original2".jpg used on input line 124.
(pdftex.def)             Requested size: 684.97308pt x 206.86142pt.

<./images/"Normals".jpg, id=834, 1321.18594pt x 398.99063pt>
File: ./images/"Normals".jpg Graphic file (type jpg)

<use ./images/"Normals".jpg>
Package pdftex.def Info: ./images/"Normals".jpg used on input line 125.
(pdftex.def)             Requested size: 684.97308pt x 206.86142pt.


LaTeX Warning: `!h' float specifier changed to `!ht'.

[30 <./images/Original2.jpg> <./images/Normals.jpg>] [31


]
File: ./images/"Original2".jpg Graphic file (type jpg)

<use ./images/"Original2".jpg>
Package pdftex.def Info: ./images/"Original2".jpg used on input line 151.
(pdftex.def)             Requested size: 616.47159pt x 186.17406pt.

<./images/"InitialSeg".jpg, id=845, 1294.8375pt x 489.32813pt>
File: ./images/"InitialSeg".jpg Graphic file (type jpg)

<use ./images/"InitialSeg".jpg>
Package pdftex.def Info: ./images/"InitialSeg".jpg used on input line 152.
(pdftex.def)             Requested size: 616.47159pt x 232.97086pt.


LaTeX Warning: `!h' float specifier changed to `!ht'.

[32 <./images/InitialSeg.jpg>]
Underfull \hbox (badness 10000) in paragraph at lines 158--160

 []

<./Images/"RecCloudSmall".jpg, id=852, 489.32813pt x 455.45157pt>
File: ./Images/"RecCloudSmall".jpg Graphic file (type jpg)

<use ./Images/"RecCloudSmall".jpg>
Package pdftex.def Info: ./Images/"RecCloudSmall".jpg used on input line 164.
(pdftex.def)             Requested size: 187.8616pt x 174.85944pt.

<./Images/"RecCloud2Small".jpg, id=853, 474.27188pt x 376.40625pt>
File: ./Images/"RecCloud2Small".jpg Graphic file (type jpg)

<use ./Images/"RecCloud2Small".jpg>
Package pdftex.def Info: ./Images/"RecCloud2Small".jpg used on input line 170.
(pdftex.def)             Requested size: 220.73795pt x 175.18791pt.
 [33


 <./Images/RecCloudSmall.jpg> <./Images/RecCloud2Small.jpg>]
<./Figures/"Classification".jpg, id=862, 451.9284pt x 459.3963pt>
File: ./Figures/"Classification".jpg Graphic file (type jpg)

<use ./Figures/"Classification".jpg>
Package pdftex.def Info: ./Figures/"Classification".jpg used on input line 192.

(pdftex.def)             Requested size: 372.07312pt x 378.23553pt.
 [34 <./Figures/Classification.jpg>])
(Chapters/Chapter4.tex [35

]
Chapter 4.
------------------------------------------------------------------------------
 4 Results
------------------------------------------------------------------------------
[36

]
File: ./images/"EGS".jpg Graphic file (type jpg)
 <use ./images/"EGS".jpg>
Package pdftex.def Info: ./images/"EGS".jpg used on input line 48.
(pdftex.def)             Requested size: 417.47307pt x 220.82155pt.

<./images/"VEGS_Oblique".jpg, id=897, 1387.43344pt x 681.29532pt>
File: ./images/"VEGS_Oblique".jpg Graphic file (type jpg)

<use ./images/"VEGS_Oblique".jpg>
Package pdftex.def Info: ./images/"VEGS_Oblique".jpg used on input line 50.
(pdftex.def)             Requested size: 417.47307pt x 204.99312pt.

<./images/"HEGS_Oblique2".jpg, id=898, 1386.68062pt x 682.04813pt>
File: ./images/"HEGS_Oblique2".jpg Graphic file (type jpg)

<use ./images/"HEGS_Oblique2".jpg>
Package pdftex.def Info: ./images/"HEGS_Oblique2".jpg used on input line 52.
(pdftex.def)             Requested size: 417.47307pt x 205.3341pt.


LaTeX Warning: Float too large for page by 31.18817pt on input line 55.


LaTeX Warning: `!h' float specifier changed to `!ht'.

[37] [38 <./images/VEGS_Oblique.jpg> <./images/HEGS_Oblique2.jpg>]
File: ./images/"DeepSpace".jpg Graphic file (type jpg)

<use ./images/"DeepSpace".jpg>
Package pdftex.def Info: ./images/"DeepSpace".jpg used on input line 59.
(pdftex.def)             Requested size: 417.47307pt x 213.13124pt.

<./images/"VDeepSpace".jpg, id=908, 1374.63562pt x 675.27281pt>
File: ./images/"VDeepSpace".jpg Graphic file (type jpg)

<use ./images/"VDeepSpace".jpg>
Package pdftex.def Info: ./images/"VDeepSpace".jpg used on input line 61.
(pdftex.def)             Requested size: 417.47307pt x 205.07692pt.

<./images/"HDeepSpace".jpg, id=909, 1385.92781pt x 682.80093pt>
File: ./images/"HDeepSpace".jpg Graphic file (type jpg)

<use ./images/"HDeepSpace".jpg>
Package pdftex.def Info: ./images/"HDeepSpace".jpg used on input line 63.
(pdftex.def)             Requested size: 417.47307pt x 205.67535pt.


LaTeX Warning: Float too large for page by 23.92291pt on input line 66.


LaTeX Warning: `!h' float specifier changed to `!ht'.

[39 <./images/VDeepSpace.jpg> <./images/HDeepSpace.jpg>]
File: ./images/"Snape3C".jpg Graphic file (type jpg)

<use ./images/"Snape3C".jpg>
Package pdftex.def Info: ./images/"Snape3C".jpg used on input line 70.
(pdftex.def)             Requested size: 417.47307pt x 195.69331pt.

<./images/"VSnape3C".jpg, id=914, 1388.18625pt x 677.53125pt>
File: ./images/"VSnape3C".jpg Graphic file (type jpg)

<use ./images/"VSnape3C".jpg>
Package pdftex.def Info: ./images/"VSnape3C".jpg used on input line 72.
(pdftex.def)             Requested size: 417.47307pt x 203.75717pt.

<./images/"HSnape3C".jpg, id=915, 1386.68062pt x 678.28406pt>
File: ./images/"HSnape3C".jpg Graphic file (type jpg)

<use ./images/"HSnape3C".jpg>
Package pdftex.def Info: ./images/"HSnape3C".jpg used on input line 74.
(pdftex.def)             Requested size: 417.47307pt x 204.20091pt.


LaTeX Warning: Float too large for page by 3.6908pt on input line 77.


LaTeX Warning: `!h' float specifier changed to `!ht'.

[40 <./images/VSnape3C.jpg> <./images/HSnape3C.jpg>]

pdfTeX warning: pdflatex.exe (file ./Figures/GraphLABELS.pdf): PDF inclusion: f
ound PDF version <1.6>, but at most version <1.5> allowed
<./Figures/"GraphLABELS".pdf, id=923, 526.96875pt x 376.40625pt>
File: ./Figures/"GraphLABELS".pdf Graphic file (type pdf)

<use ./Figures/"GraphLABELS".pdf>
Package pdftex.def Info: ./Figures/"GraphLABELS".pdf used on input line 85.
(pdftex.def)             Requested size: 521.84132pt x 372.76395pt.
 [41



 <./Figures/GraphLABELS.pdf>]

pdfTeX warning: pdflatex.exe (file ./Figures/ZoomedGraphLABELS.pdf): PDF inclus
ion: found PDF version <1.6>, but at most version <1.5> allowed
<./Figures/"ZoomedGraphLABELS".pdf, id=960, 526.96875pt x 376.40625pt>
File: ./Figures/"ZoomedGraphLABELS".pdf Graphic file (type pdf)

<use ./Figures/"ZoomedGraphLABELS".pdf>
Package pdftex.def Info: ./Figures/"ZoomedGraphLABELS".pdf used on input line 9
7.
(pdftex.def)             Requested size: 521.84132pt x 372.76395pt.

Underfull \hbox (badness 10000) in paragraph at lines 113--113
[]|\OT1/cmr/m/n/10.95 Reference
 []


Underfull \hbox (badness 10000) in paragraph at lines 113--113
[]|\OT1/cmr/m/n/10.95 Average Mea-sured
 []


Underfull \hbox (badness 10000) in paragraph at lines 123--123
[]|\OT1/cmr/m/n/10.95 Reference
 []


Underfull \hbox (badness 10000) in paragraph at lines 123--123
[]|\OT1/cmr/m/n/10.95 Average Mea-sured
 []


Underfull \hbox (badness 10000) in paragraph at lines 133--133
[]|\OT1/cmr/m/n/10.95 Reference
 []


Underfull \hbox (badness 10000) in paragraph at lines 133--133
[]|\OT1/cmr/m/n/10.95 Average Mea-sured
 []


LaTeX Warning: `!h' float specifier changed to `!ht'.

<./Figures/"scales".pdf, id=965, 526.96875pt x 376.40625pt>
File: ./Figures/"scales".pdf Graphic file (type pdf)

<use ./Figures/"scales".pdf>
Package pdftex.def Info: ./Figures/"scales".pdf used on input line 151.
(pdftex.def)             Requested size: 469.6572pt x 335.48296pt.


LaTeX Warning: `!h' float specifier changed to `!ht'.

[42

 <./Figures/ZoomedGraphLABELS.pdf>] [43 <./Figures/scales.pdf>]
Underfull \hbox (badness 10000) in paragraph at lines 170--170
[]|\OT1/cmr/m/n/10.95 Reference
 []


Underfull \hbox (badness 10000) in paragraph at lines 170--170
[]|\OT1/cmr/m/n/10.95 Average Mea-sured
 []


Underfull \hbox (badness 10000) in paragraph at lines 180--180
[]|\OT1/cmr/m/n/10.95 Reference
 []


Underfull \hbox (badness 10000) in paragraph at lines 180--180
[]|\OT1/cmr/m/n/10.95 Average Mea-sured
 []


Underfull \hbox (badness 10000) in paragraph at lines 190--190
[]|\OT1/cmr/m/n/10.95 Reference
 []


Underfull \hbox (badness 10000) in paragraph at lines 190--190
[]|\OT1/cmr/m/n/10.95 Average Mea-sured
 []

[44

] <./Figures/"scales2".pdf, id=1001, 526.96875pt x 376.40625pt>
File: ./Figures/"scales2".pdf Graphic file (type pdf)

<use ./Figures/"scales2".pdf>
Package pdftex.def Info: ./Figures/"scales2".pdf used on input line 210.
(pdftex.def)             Requested size: 494.70456pt x 353.37967pt.

Underfull \hbox (badness 10000) in paragraph at lines 229--229
[]|\OT1/cmr/m/n/10.95 Reference
 []


Underfull \hbox (badness 10000) in paragraph at lines 229--229
[]|\OT1/cmr/m/n/10.95 Average Mea-sured
 []


Underfull \hbox (badness 10000) in paragraph at lines 239--239
[]|\OT1/cmr/m/n/10.95 Reference
 []


Underfull \hbox (badness 10000) in paragraph at lines 239--239
[]|\OT1/cmr/m/n/10.95 Average Mea-sured
 []


Underfull \hbox (badness 10000) in paragraph at lines 249--249
[]|\OT1/cmr/m/n/10.95 Reference
 []


Underfull \hbox (badness 10000) in paragraph at lines 249--249
[]|\OT1/cmr/m/n/10.95 Average Mea-sured
 []


LaTeX Warning: `!h' float specifier changed to `!ht'.

<./Figures/"scales3".pdf, id=1012, 526.96875pt x 376.40625pt>
File: ./Figures/"scales3".pdf Graphic file (type pdf)

<use ./Figures/"scales3".pdf>
Package pdftex.def Info: ./Figures/"scales3".pdf used on input line 266.
(pdftex.def)             Requested size: 469.6572pt x 335.48296pt.


LaTeX Warning: `!h' float specifier changed to `!ht'.

[45

 <./Figures/scales2.pdf>] [46 <./Figures/scales3.pdf>]
Underfull \hbox (badness 10000) in paragraph at lines 281--281
[]|\OT1/cmr/m/n/10.95 Reference
 []


Underfull \hbox (badness 10000) in paragraph at lines 281--281
[]|\OT1/cmr/m/n/10.95 Average Mea-sured
 []


Underfull \hbox (badness 10000) in paragraph at lines 291--291
[]|\OT1/cmr/m/n/10.95 Reference
 []


Underfull \hbox (badness 10000) in paragraph at lines 291--291
[]|\OT1/cmr/m/n/10.95 Average Mea-sured
 []


Underfull \hbox (badness 10000) in paragraph at lines 301--301
[]|\OT1/cmr/m/n/10.95 Reference
 []


Underfull \hbox (badness 10000) in paragraph at lines 301--301
[]|\OT1/cmr/m/n/10.95 Average Mea-sured
 []

<./Figures/"scales4".pdf, id=1026, 526.96875pt x 376.40625pt>
File: ./Figures/"scales4".pdf Graphic file (type pdf)

<use ./Figures/"scales4".pdf>
Package pdftex.def Info: ./Figures/"scales4".pdf used on input line 318.
(pdftex.def)             Requested size: 417.47307pt x 298.2077pt.

Underfull \hbox (badness 2401) in paragraph at lines 331--331
 []|\OT1/cmr/m/n/10.95 EGS|
 []


Underfull \hbox (badness 1708) in paragraph at lines 331--332
 []|\OT1/cmr/m/n/10.95 Snape|
 []


Underfull \hbox (badness 3919) in paragraph at lines 337--337
 []|\OT1/cmr/m/n/10.95 12|
 []


Underfull \hbox (badness 3919) in paragraph at lines 337--338
 []|\OT1/cmr/m/n/10.95 19|
 []


Underfull \hbox (badness 3919) in paragraph at lines 338--338
 []|\OT1/cmr/m/n/10.95 11|
 []


Underfull \hbox (badness 3919) in paragraph at lines 338--339
 []|\OT1/cmr/m/n/10.95 18|
 []


Underfull \hbox (badness 5908) in paragraph at lines 340--340
 []||
 []


Underfull \hbox (badness 5908) in paragraph at lines 341--341
 []||
 []


Underfull \hbox (badness 5908) in paragraph at lines 342--342
 []||
 []


Underfull \hbox (badness 1895) in paragraph at lines 343--343
 []|\OT1/cmr/m/n/10.95 PASS|
 []


Underfull \hbox (badness 5908) in paragraph at lines 344--344
 []||
 []

LaTeX Font Info:    Font shape `OMS/cmr/m/n' in size <7> not available
(Font)              Font shape `OMS/cmsy/m/n' tried instead on input line 346.
[47

 <./Figures/scales4.pdf>] [48] [49

]) (Chapters/Chapter5.tex [50]
Chapter 5.
------------------------------------------------------------------------------
 5 Conclusion
------------------------------------------------------------------------------
[51

]) (Chapters/Chapter6.tex [52]
Chapter 6.
------------------------------------------------------------------------------
 6 Recommendations
------------------------------------------------------------------------------
[53

] [54]) [55]
------------------------------------------------------------------------------
 Bibliography
------------------------------------------------------------------------------
(Thesis.bbl
Underfull \hbox (badness 1975) in paragraph at lines 4--9
\OT1/cmr/bx/n/10.95 URL: [][]$\OT1/cmtt/m/it/10.95 http : / / rwbclasses . grou
ps . et . byu . net / lib / exe / fetch . php ? media =$
 []

Missing character: There is no â in font cmr10!
Missing character: There is no € in font cmr10!
Missing character: There is no “ in font cmr10!
[1



]
Underfull \hbox (badness 10000) in paragraph at lines 52--56
\OT1/cmr/bx/n/10.95 URL: [][]$\OT1/cmtt/m/it/10.95 http : / / stats . stackexch
ange . com / questions / 46425 / what -[] is -[]$
 []

Missing character: There is no Ã in font cmr10!
Missing character: There is no ¶ in font cmr10!
Missing character: There is no â in font cmr10!
Missing character: There is no € in font cmr10!
Missing character: There is no “ in font cmr10!

Underfull \hbox (badness 10000) in paragraph at lines 80--84
\OT1/cmr/bx/n/10.95 URL: [][]$\OT1/cmtt/m/it/10.95 http : / / cs . nyu . edu / 
[]fergus / teaching / vision _ 2012 / 6 _ Multiview _$
 []

Missing character: There is no â in font cmr10!
Missing character: There is no € in font cmr10!
Missing character: There is no ” in font cmr10!

Underfull \hbox (badness 10000) in paragraph at lines 101--105
\OT1/cmr/bx/n/10.95 URL: [][]$\OT1/cmtt/m/it/10.95 http : / / www . fiercewirel
ess . com / story / report -[] global -[] smartphone -[]$
 []


Underfull \hbox (badness 10000) in paragraph at lines 107--111
\OT1/cmr/bx/n/10.95 URL: [][]$\OT1/cmtt/m/it/10.95 http : / / www . fas . harva
rd . edu / []loebinfo / loebinfo / Proportions /$
 []

[2]
Underfull \hbox (badness 1253) in paragraph at lines 117--122
\OT1/cmr/bx/n/10.95 URL: [][]$\OT1/cmtt/m/it/10.95 http : / / www . businessins
ider . com / uav -[] or -[] commercial -[] drone -[] market -[]$
 []


Underfull \hbox (badness 6110) in paragraph at lines 140--144
\OT1/cmr/bx/n/10.95 URL: [][]$\OT1/cmtt/m/it/10.95 http : / / www . spine -[] h
ealth . com / wellness / ergonomics / office -[] chair -[]$
 []


Underfull \hbox (badness 10000) in paragraph at lines 156--160
\OT1/cmr/bx/n/10.95 URL: [][]$\OT1/cmtt/m/it/10.95 http : / / cs . nyu . edu / 
[]fergus / teaching / vision _ 2012 / 6 _ Multiview _$
 []

[3]
Missing character: There is no Ã in font cmr10!
Missing character: There is no ¡ in font cmr10!
Missing character: There is no Ã in font cmr10!
Missing character: There is no ± in font cmr10!
Missing character: There is no Ã in font cmr10!
Missing character: There is no ¼ in font cmr10!
 [4]
Underfull \hbox (badness 5245) in paragraph at lines 236--242
\OT1/cmr/bx/n/10.95 URL: [][]$\OT1/cmtt/m/it/10.95 http : / / www . isprs . org
 / proceedings / XXXVI / part5 / paper / RABB _ 639 .$
 []


Underfull \hbox (badness 10000) in paragraph at lines 254--258
\OT1/cmr/bx/n/10.95 URL: [][]$\OT1/cmtt/m/it/10.95 http : / / www . statista . 
com / chart / 653 / prevalence -[] of -[] selected -[]$
 []


Underfull \hbox (badness 10000) in paragraph at lines 261--267
\OT1/cmr/bx/n/10.95 URL: [][]$\OT1/cmtt/m/it/10.95 http : / / www . sciencedire
ct . com / science / article / pii /$
 []

Missing character: There is no Â in font cmti10!
Missing character: There is no ® in font cmti10!
[5]
Underfull \hbox (badness 4181) in paragraph at lines 330--336
\OT1/cmr/bx/n/10.95 URL: [][]$\OT1/cmtt/m/it/10.95 http : / / onlinelibrary . w
iley . com / doi / 10 . 1111 / j . 1467 -[] 8659 . 1995 .$
 []

[6])
Package atveryend Info: Empty hook `BeforeClearDocument' on input line 357.
 [7]
Package atveryend Info: Empty hook `AfterLastShipout' on input line 357.
 (Thesis.aux)
Package atveryend Info: Executing hook `AtVeryEndDocument' on input line 357.
Package atveryend Info: Executing hook `AtEndAfterFileList' on input line 357.
Package rerunfilecheck Info: File `Thesis.out' has not changed.
(rerunfilecheck)             Checksum: A96CFEE4D8651A0EA559E7BD11E372AC;8908.
Package atveryend Info: Empty hook `AtVeryVeryEnd' on input line 357.
 ) 
Here is how much of TeX's memory you used:
 15156 strings out of 493673
 218119 string characters out of 3143960
 335795 words of memory out of 3000000
 17965 multiletter control sequences out of 15000+200000
 15951 words of font info for 60 fonts, out of 3000000 for 9000
 1025 hyphenation exceptions out of 8191
 49i,15n,97p,1878b,1217s stack positions out of 5000i,500n,10000p,200000b,50000s
<C:/Program Files/MiKTeX 2.9/fonts/type1/public/amsfonts/cm/cmbx10.pfb><C:/Pr
ogram Files/MiKTeX 2.9/fonts/type1/public/amsfonts/cm/cmbx12.pfb><C:/Program Fi
les/MiKTeX 2.9/fonts/type1/public/amsfonts/cm/cmcsc10.pfb><C:/Program Files/MiK
TeX 2.9/fonts/type1/public/amsfonts/cm/cmex10.pfb><C:/Program Files/MiKTeX 2.9/
fonts/type1/public/amsfonts/cm/cmitt10.pfb><C:/Program Files/MiKTeX 2.9/fonts/t
ype1/public/amsfonts/cm/cmmi10.pfb><C:/Program Files/MiKTeX 2.9/fonts/type1/pub
lic/amsfonts/cm/cmmi5.pfb><C:/Program Files/MiKTeX 2.9/fonts/type1/public/amsfo
nts/cm/cmmi6.pfb><C:/Program Files/MiKTeX 2.9/fonts/type1/public/amsfonts/cm/cm
mi7.pfb><C:/Program Files/MiKTeX 2.9/fonts/type1/public/amsfonts/cm/cmmi8.pfb><
C:/Program Files/MiKTeX 2.9/fonts/type1/public/amsfonts/cm/cmr10.pfb><C:/Progra
m Files/MiKTeX 2.9/fonts/type1/public/amsfonts/cm/cmr12.pfb><C:/Program Files/M
iKTeX 2.9/fonts/type1/public/amsfonts/cm/cmr5.pfb><C:/Program Files/MiKTeX 2.9/
fonts/type1/public/amsfonts/cm/cmr6.pfb><C:/Program Files/MiKTeX 2.9/fonts/type
1/public/amsfonts/cm/cmr7.pfb><C:/Program Files/MiKTeX 2.9/fonts/type1/public/a
msfonts/cm/cmr8.pfb><C:/Program Files/MiKTeX 2.9/fonts/type1/public/amsfonts/cm
/cmsy10.pfb><C:/Program Files/MiKTeX 2.9/fonts/type1/public/amsfonts/cm/cmsy7.p
fb><C:/Program Files/MiKTeX 2.9/fonts/type1/public/amsfonts/cm/cmsy8.pfb><C:/Pr
ogram Files/MiKTeX 2.9/fonts/type1/public/amsfonts/cm/cmti10.pfb><C:/Program Fi
les/MiKTeX 2.9/fonts/type1/public/amsfonts/cm/cmti12.pfb><C:/Program Files/MiKT
eX 2.9/fonts/type1/public/amsfonts/cm/cmtt10.pfb><C:/Program Files/MiKTeX 2.9/f
onts/type1/public/amsfonts/symbols/msam7.pfb>
Output written on Thesis.pdf (74 pages, 7823428 bytes).
PDF statistics:
 1308 PDF objects out of 1440 (max. 8388607)
 236 named destinations out of 1000 (max. 500000)
 594 words of extra memory for PDF output out of 10000 (max. 10000000)

