\BOOKMARK [0][-]{dummy.1}{\376\377\000D\000e\000c\000l\000a\000r\000a\000t\000i\000o\000n\000\040\000o\000f\000\040\000A\000u\000t\000h\000o\000r\000s\000h\000i\000p}{}% 1
\BOOKMARK [0][-]{dummy.3}{\376\377\000A\000b\000s\000t\000r\000a\000c\000t}{}% 2
\BOOKMARK [0][-]{dummy.4}{\376\377\000A\000c\000k\000n\000o\000w\000l\000e\000d\000g\000e\000m\000e\000n\000t\000s}{}% 3
\BOOKMARK [0][-]{dummy.6}{\376\377\000L\000i\000s\000t\000\040\000o\000f\000\040\000F\000i\000g\000u\000r\000e\000s}{}% 4
\BOOKMARK [0][-]{dummy.8}{\376\377\000L\000i\000s\000t\000\040\000o\000f\000\040\000T\000a\000b\000l\000e\000s}{}% 5
\BOOKMARK [0][-]{dummy.10}{\376\377\000A\000b\000b\000r\000e\000v\000i\000a\000t\000i\000o\000n\000s}{}% 6
\BOOKMARK [0][-]{chapter.13}{\376\377\0001\000\040\000I\000n\000t\000r\000o\000d\000u\000c\000t\000i\000o\000n}{}% 7
\BOOKMARK [1][-]{section.14}{\376\377\0001\000.\0001\000\040\000B\000a\000c\000k\000g\000r\000o\000u\000n\000d}{chapter.13}% 8
\BOOKMARK [1][-]{section.15}{\376\377\0001\000.\0002\000\040\000P\000r\000o\000b\000l\000e\000m\000\040\000S\000t\000a\000t\000e\000m\000e\000n\000t\000\040}{chapter.13}% 9
\BOOKMARK [1][-]{section.16}{\376\377\0001\000.\0003\000\040\000R\000e\000s\000e\000a\000r\000c\000h\000\040\000O\000b\000j\000e\000c\000t\000i\000v\000e}{chapter.13}% 10
\BOOKMARK [1][-]{section.17}{\376\377\0001\000.\0004\000\040\000M\000e\000t\000h\000o\000d\000o\000l\000o\000g\000y}{chapter.13}% 11
\BOOKMARK [1][-]{section.18}{\376\377\0001\000.\0005\000\040\000E\000x\000p\000e\000c\000t\000e\000d\000\040\000O\000u\000t\000c\000o\000m\000e\000s}{chapter.13}% 12
\BOOKMARK [1][-]{section.19}{\376\377\0001\000.\0006\000\040\000S\000c\000o\000p\000e\000\040\000a\000n\000d\000\040\000L\000i\000m\000i\000t\000a\000t\000i\000o\000n\000s}{chapter.13}% 13
\BOOKMARK [1][-]{section.20}{\376\377\0001\000.\0007\000\040\000O\000u\000t\000l\000i\000n\000e\000\040\000o\000f\000\040\000R\000e\000p\000o\000r\000t}{chapter.13}% 14
\BOOKMARK [0][-]{chapter.21}{\376\377\0002\000\040\000L\000i\000t\000e\000r\000a\000t\000u\000r\000e\000\040\000R\000e\000v\000i\000e\000w}{}% 15
\BOOKMARK [1][-]{section.22}{\376\377\0002\000.\0001\000\040\000S\000o\000u\000r\000c\000e\000s\000\040\000o\000f\000\040\000P\000C\000D}{chapter.21}% 16
\BOOKMARK [2][-]{subsection.23}{\376\377\0002\000.\0001\000.\0001\000\040\000S\000t\000r\000u\000c\000t\000u\000r\000e\000\040\000f\000r\000o\000m\000\040\000M\000o\000t\000i\000o\000n}{section.22}% 17
\BOOKMARK [2][-]{subsection.25}{\376\377\0002\000.\0001\000.\0002\000\040\000M\000u\000l\000t\000i\000-\000V\000i\000e\000w\000\040\000S\000t\000e\000r\000e\000o\000\040}{section.22}% 18
\BOOKMARK [1][-]{section.27}{\376\377\0002\000.\0002\000\040\000O\000b\000t\000a\000i\000n\000i\000n\000g\000\040\000a\000\040\000R\000e\000a\000l\000-\000W\000o\000r\000l\000d\000\040\000S\000c\000a\000l\000e\000\040\000f\000o\000r\000\040\000P\000C\000D}{chapter.21}% 19
\BOOKMARK [2][-]{subsection.28}{\376\377\0002\000.\0002\000.\0001\000\040\000M\000a\000n\000u\000a\000l\000\040\000M\000e\000a\000s\000u\000r\000e\000m\000e\000n\000t\000s}{section.27}% 20
\BOOKMARK [2][-]{subsection.30}{\376\377\0002\000.\0002\000.\0002\000\040\000U\000s\000e\000\040\000o\000f\000\040\000K\000n\000o\000w\000n\000\040\000O\000b\000j\000e\000c\000t\000s\000\040}{section.27}% 21
\BOOKMARK [2][-]{subsection.34}{\376\377\0002\000.\0002\000.\0003\000\040\000C\000o\000n\000t\000e\000n\000t\000-\000B\000a\000s\000e\000d\000\040\000I\000m\000a\000g\000e\000\040\000R\000e\000t\000r\000i\000e\000v\000a\000l}{section.27}% 22
\BOOKMARK [1][-]{section.36}{\376\377\0002\000.\0003\000\040\000D\000i\000s\000c\000u\000s\000s\000i\000o\000n}{chapter.21}% 23
\BOOKMARK [2][-]{subsection.37}{\376\377\0002\000.\0003\000.\0001\000\040\000A\000u\000g\000m\000e\000n\000t\000e\000d\000\040\000R\000e\000a\000l\000i\000t\000y}{section.36}% 24
\BOOKMARK [2][-]{subsection.39}{\376\377\0002\000.\0003\000.\0002\000\040\000S\000i\000m\000u\000l\000t\000a\000n\000e\000o\000u\000s\000\040\000L\000o\000c\000a\000l\000i\000z\000a\000t\000i\000o\000n\000\040\000a\000n\000d\000\040\000M\000a\000p\000p\000i\000n\000g}{section.36}% 25
\BOOKMARK [2][-]{subsection.41}{\376\377\0002\000.\0003\000.\0003\000\040\000M\000o\000b\000i\000l\000e\000\040\000D\000e\000v\000i\000c\000e\000s}{section.36}% 26
\BOOKMARK [2][-]{subsection.42}{\376\377\0002\000.\0003\000.\0004\000\040\000I\000n\000d\000o\000o\000r\000\040\000S\000c\000e\000n\000e\000\040\000A\000n\000a\000l\000y\000s\000i\000s\000\040\000f\000o\000r\000\040\000P\000o\000i\000n\000t\000\040\000C\000l\000o\000u\000d\000s\000\040}{section.36}% 27
\BOOKMARK [2][-]{subsection.45}{\376\377\0002\000.\0003\000.\0005\000\040\000O\000b\000j\000e\000c\000t\000\040\000R\000e\000c\000o\000g\000n\000i\000t\000i\000o\000n\000\040\000f\000o\000r\000\040\000I\000n\000d\000o\000o\000r\000\040\000P\000o\000i\000n\000t\000\040\000C\000l\000o\000u\000d\000s}{section.36}% 28
\BOOKMARK [0][-]{chapter.48}{\376\377\0003\000\040\000M\000e\000t\000h\000o\000d}{}% 29
\BOOKMARK [1][-]{section.49}{\376\377\0003\000.\0001\000\040\000C\000o\000n\000c\000e\000p\000t}{chapter.48}% 30
\BOOKMARK [2][-]{subsection.55}{\376\377\0003\000.\0001\000.\0001\000\040\000S\000c\000a\000n\000n\000i\000n\000g\000\040\000a\000n\000d\000\040\000P\000r\000e\000-\000P\000r\000o\000c\000e\000s\000s\000i\000n\000g\000\040\000P\000r\000o\000c\000e\000d\000u\000r\000e}{section.49}% 31
\BOOKMARK [1][-]{section.56}{\376\377\0003\000.\0002\000\040\000P\000r\000o\000c\000e\000s\000s\000i\000n\000g\000\040\000P\000C\000D}{chapter.48}% 32
\BOOKMARK [2][-]{subsection.58}{\376\377\0003\000.\0002\000.\0001\000\040\000P\000o\000i\000n\000t\000\040\000N\000o\000r\000m\000a\000l\000s}{section.56}% 33
\BOOKMARK [2][-]{subsection.73}{\376\377\0003\000.\0002\000.\0002\000\040\000R\000e\000g\000i\000o\000n\000\040\000G\000r\000o\000w\000i\000n\000g\000\040\000S\000e\000g\000m\000e\000n\000t\000a\000t\000i\000o\000n\000\040}{section.56}% 34
\BOOKMARK [2][-]{subsection.75}{\376\377\0003\000.\0002\000.\0003\000\040\000P\000C\000A}{section.56}% 35
\BOOKMARK [1][-]{section.78}{\376\377\0003\000.\0003\000\040\000L\000e\000v\000e\000r\000a\000g\000i\000n\000g\000\040\000O\000b\000j\000e\000c\000t\000\040\000R\000e\000c\000o\000g\000n\000i\000t\000i\000o\000n\000\040}{chapter.48}% 36
\BOOKMARK [1][-]{section.80}{\376\377\0003\000.\0004\000\040\000H\000i\000s\000t\000o\000g\000r\000a\000m\000\040\000o\000f\000\040\000H\000e\000i\000g\000h\000t\000s\000\040\000a\000n\000d\000\040\000F\000-\000T\000e\000s\000t}{chapter.48}% 37
\BOOKMARK [0][-]{chapter.82}{\376\377\0004\000\040\000R\000e\000s\000u\000l\000t\000s}{}% 38
\BOOKMARK [1][-]{section.83}{\376\377\0004\000.\0001\000\040\000I\000n\000s\000t\000r\000u\000m\000e\000n\000t\000s\000\040\000U\000s\000e\000d}{chapter.82}% 39
\BOOKMARK [2][-]{subsection.84}{\376\377\0004\000.\0001\000.\0001\000\040\000S\000o\000f\000t\000w\000a\000r\000e\000\040\000U\000s\000e\000d}{section.83}% 40
\BOOKMARK [1][-]{section.85}{\376\377\0004\000.\0002\000\040\000H\000o\000r\000i\000z\000o\000n\000t\000a\000l\000\040\000a\000n\000d\000\040\000V\000e\000r\000t\000i\000c\000a\000l\000\040\000P\000l\000a\000n\000e\000s}{chapter.82}% 41
\BOOKMARK [1][-]{section.89}{\376\377\0004\000.\0003\000\040\000S\000c\000e\000n\000e\000\040\000A\000n\000a\000l\000y\000s\000i\000s\000\040}{chapter.82}% 42
\BOOKMARK [1][-]{section.96}{\376\377\0004\000.\0004\000\040\000O\000b\000j\000e\000c\000t\000\040\000A\000n\000a\000l\000y\000s\000i\000s\000\040}{chapter.82}% 43
\BOOKMARK [1][-]{section.101}{\376\377\0004\000.\0005\000\040\000F\000-\000T\000e\000s\000t}{chapter.82}% 44
\BOOKMARK [1][-]{section.105}{\376\377\0004\000.\0006\000\040\000S\000u\000m\000m\000a\000r\000y\000\040\000o\000f\000\040\000R\000e\000s\000u\000l\000t\000s\000\040}{chapter.82}% 45
\BOOKMARK [0][-]{chapter.108}{\376\377\0005\000\040\000C\000o\000n\000c\000l\000u\000s\000i\000o\000n}{}% 46
\BOOKMARK [0][-]{chapter.109}{\376\377\0006\000\040\000R\000e\000c\000o\000m\000m\000e\000n\000d\000a\000t\000i\000o\000n\000s}{}% 47
\BOOKMARK [1][-]{section.110}{\376\377\0006\000.\0001\000\040\000O\000b\000j\000e\000c\000t\000\040\000R\000e\000c\000o\000g\000n\000i\000t\000i\000o\000n}{chapter.109}% 48
\BOOKMARK [2][-]{subsection.111}{\376\377\0006\000.\0001\000.\0001\000\040\000D\000e\000v\000e\000l\000o\000p\000m\000e\000n\000t\000\040\000o\000f\000\040\000a\000\040\000S\000m\000a\000r\000t\000p\000h\000o\000n\000e\000\040\000A\000p\000p\000l\000i\000c\000a\000t\000i\000o\000n}{section.110}% 49
\BOOKMARK [2][-]{subsection.112}{\376\377\0006\000.\0001\000.\0002\000\040\000W\000e\000b\000-\000b\000a\000s\000e\000d\000\040\000A\000p\000p\000l\000i\000c\000a\000t\000i\000o\000n\000s}{section.110}% 50
\BOOKMARK [0][-]{dummy.113}{\376\377\000B\000i\000b\000l\000i\000o\000g\000r\000a\000p\000h\000y}{}% 51
